#
# There is insufficient memory for the Java Runtime Environment to continue.
# Native memory allocation (malloc) failed to allocate 262160 bytes for Chunk::new
# Possible reasons:
#   The system is out of physical RAM or swap space
#   In 32 bit mode, the process size limit was hit
# Possible solutions:
#   Reduce memory load on the system
#   Increase physical memory or swap space
#   Check if swap backing store is full
#   Use 64 bit Java on a 64 bit OS
#   Decrease Java heap size (-Xmx/-Xms)
#   Decrease number of Java threads
#   Decrease Java thread stack sizes (-Xss)
#   Set larger code cache with -XX:ReservedCodeCacheSize=
# This output file may be truncated or incomplete.
#
#  Out of Memory Error (allocation.cpp:390), pid=10348, tid=0x0000000000000c64
#
# JRE version: OpenJDK Runtime Environment (8.0_152-b02) (build 1.8.0_152-release-1024-b02)
# Java VM: OpenJDK 64-Bit Server VM (25.152-b02 mixed mode windows-amd64 compressed oops)
# Failed to write core dump. Minidumps are not enabled by default on client versions of Windows
#

---------------  T H R E A D  ---------------

Current thread (0x0000000012c0c800):  JavaThread "C2 CompilerThread1" daemon [_thread_in_native, id=3172, stack(0x0000000014370000,0x0000000014470000)]

Stack: [0x0000000014370000,0x0000000014470000]
[error occurred during error reporting (printing stack bounds), id 0xc0000005]

Native frames: (J=compiled Java code, j=interpreted, Vv=VM code, C=native code)


Current CompileTask:
C2:   1923  791       4       org.objectweb.asm.ClassReader::readCode (3575 bytes)


---------------  P R O C E S S  ---------------

Java Threads: ( => current thread )
  0x0000000014592800 JavaThread "Service Thread" daemon [_thread_blocked, id=14444, stack(0x0000000014970000,0x0000000014a70000)]
  0x0000000012c14800 JavaThread "C1 CompilerThread2" daemon [_thread_blocked, id=13772, stack(0x0000000014470000,0x0000000014570000)]
=>0x0000000012c0c800 JavaThread "C2 CompilerThread1" daemon [_thread_in_native, id=3172, stack(0x0000000014370000,0x0000000014470000)]
  0x0000000012c1a800 JavaThread "C2 CompilerThread0" daemon [_thread_in_native, id=6524, stack(0x0000000014270000,0x0000000014370000)]
  0x0000000012c19000 JavaThread "Attach Listener" daemon [_thread_blocked, id=11492, stack(0x0000000014170000,0x0000000014270000)]
  0x0000000012c17800 JavaThread "Signal Dispatcher" daemon [_thread_blocked, id=10692, stack(0x0000000014070000,0x0000000014170000)]
  0x0000000012bf8800 JavaThread "Finalizer" daemon [_thread_blocked, id=14528, stack(0x0000000013e80000,0x0000000013f80000)]
  0x00000000028a4000 JavaThread "Reference Handler" daemon [_thread_blocked, id=4184, stack(0x0000000013d80000,0x0000000013e80000)]
  0x00000000027b4000 JavaThread "main" [_thread_in_native, id=9048, stack(0x00000000026b0000,0x00000000027b0000)]

Other Threads:
  0x0000000012bd5000 VMThread [stack: 0x0000000013c80000,0x0000000013d80000] [id=10448]
  0x0000000012c6e800 WatcherThread [stack: 0x0000000014a70000,0x0000000014b70000] [id=13756]

VM state:not at safepoint (normal execution)

VM Mutex/Monitor currently owned by a thread: None

Heap:
 PSYoungGen      total 18944K, used 4266K [0x00000000feb00000, 0x0000000100000000, 0x0000000100000000)
  eden space 16384K, 10% used [0x00000000feb00000,0x00000000fecb02b0,0x00000000ffb00000)
  from space 2560K, 99% used [0x00000000ffd80000,0x00000000ffffa840,0x0000000100000000)
  to   space 2560K, 0% used [0x00000000ffb00000,0x00000000ffb00000,0x00000000ffd80000)
 ParOldGen       total 44032K, used 4592K [0x00000000fc000000, 0x00000000feb00000, 0x00000000feb00000)
  object space 44032K, 10% used [0x00000000fc000000,0x00000000fc47c148,0x00000000feb00000)
 Metaspace       used 7350K, capacity 7524K, committed 7680K, reserved 1056768K
  class space    used 846K, capacity 938K, committed 1024K, reserved 1048576K

Card table byte_map: [0x0000000000c70000,0x0000000000ca0000] byte_map_base: 0x0000000000490000

Marking Bits: (ParMarkBitMap*) 0x0000000076df4970
 Begin Bits: [0x0000000012070000, 0x0000000012170000)
 End Bits:   [0x0000000012170000, 0x0000000012270000)

Polling page: 0x00000000007a0000

CodeCache: size=245760Kb used=3231Kb max_used=3244Kb free=242528Kb
 bounds [0x00000000028b0000, 0x0000000002be0000, 0x00000000118b0000]
 total_blobs=1203 nmethods=873 adapters=244
 compilation: enabled

Compilation events (10 events):
Event: 1.915 Thread 0x0000000012c14800  871       3       java.util.Vector::elementData (7 bytes)
Event: 1.916 Thread 0x0000000012c14800 nmethod 871 0x0000000002bd4110 code [0x0000000002bd4260, 0x0000000002bd43d0]
Event: 1.916 Thread 0x0000000012c14800  872       3       java.util.Vector$Itr::hasNext (20 bytes)
Event: 1.916 Thread 0x0000000012c14800 nmethod 872 0x0000000002bd3d50 code [0x0000000002bd3ea0, 0x0000000002bd4050]
Event: 1.916 Thread 0x0000000012c14800  873   !   3       java.util.Vector$Itr::next (63 bytes)
Event: 1.917 Thread 0x0000000012c14800 nmethod 873 0x0000000002bd7390 code [0x0000000002bd7540, 0x0000000002bd7c38]
Event: 1.917 Thread 0x0000000012c14800  874       3       java.util.zip.ZipOutputStream::writeCEN (514 bytes)
Event: 1.918 Thread 0x0000000012c14800 nmethod 874 0x0000000002bd8190 code [0x0000000002bd8580, 0x0000000002bd9d98]
Event: 1.919 Thread 0x0000000012c1a800 nmethod 870 0x0000000002bdcad0 code [0x0000000002bdcc40, 0x0000000002bdd1b8]
Event: 1.919 Thread 0x0000000012c1a800  875       4       java.util.zip.ZipOutputStream::writeInt (69 bytes)

GC Heap History (4 events):
Event: 1.381 GC heap before
{Heap before GC invocations=1 (full 0):
 PSYoungGen      total 18944K, used 16384K [0x00000000feb00000, 0x0000000100000000, 0x0000000100000000)
  eden space 16384K, 100% used [0x00000000feb00000,0x00000000ffb00000,0x00000000ffb00000)
  from space 2560K, 0% used [0x00000000ffd80000,0x00000000ffd80000,0x0000000100000000)
  to   space 2560K, 0% used [0x00000000ffb00000,0x00000000ffb00000,0x00000000ffd80000)
 ParOldGen       total 44032K, used 0K [0x00000000fc000000, 0x00000000feb00000, 0x00000000feb00000)
  object space 44032K, 0% used [0x00000000fc000000,0x00000000fc000000,0x00000000feb00000)
 Metaspace       used 6665K, capacity 6874K, committed 7040K, reserved 1056768K
  class space    used 791K, capacity 871K, committed 896K, reserved 1048576K
Event: 1.386 GC heap after
Heap after GC invocations=1 (full 0):
 PSYoungGen      total 18944K, used 2528K [0x00000000feb00000, 0x0000000100000000, 0x0000000100000000)
  eden space 16384K, 0% used [0x00000000feb00000,0x00000000feb00000,0x00000000ffb00000)
  from space 2560K, 98% used [0x00000000ffb00000,0x00000000ffd78030,0x00000000ffd80000)
  to   space 2560K, 0% used [0x00000000ffd80000,0x00000000ffd80000,0x0000000100000000)
 ParOldGen       total 44032K, used 1493K [0x00000000fc000000, 0x00000000feb00000, 0x00000000feb00000)
  object space 44032K, 3% used [0x00000000fc000000,0x00000000fc175470,0x00000000feb00000)
 Metaspace       used 6665K, capacity 6874K, committed 7040K, reserved 1056768K
  class space    used 791K, capacity 871K, committed 896K, reserved 1048576K
}
Event: 1.878 GC heap before
{Heap before GC invocations=2 (full 0):
 PSYoungGen      total 18944K, used 18912K [0x00000000feb00000, 0x0000000100000000, 0x0000000100000000)
  eden space 16384K, 100% used [0x00000000feb00000,0x00000000ffb00000,0x00000000ffb00000)
  from space 2560K, 98% used [0x00000000ffb00000,0x00000000ffd78030,0x00000000ffd80000)
  to   space 2560K, 0% used [0x00000000ffd80000,0x00000000ffd80000,0x0000000100000000)
 ParOldGen       total 44032K, used 1493K [0x00000000fc000000, 0x00000000feb00000, 0x00000000feb00000)
  object space 44032K, 3% used [0x00000000fc000000,0x00000000fc175470,0x00000000feb00000)
 Metaspace       used 7328K, capacity 7524K, committed 7680K, reserved 1056768K
  class space    used 846K, capacity 938K, committed 1024K, reserved 1048576K
Event: 1.895 GC heap after
Heap after GC invocations=2 (full 0):
 PSYoungGen      total 18944K, used 2538K [0x00000000feb00000, 0x0000000100000000, 0x0000000100000000)
  eden space 16384K, 0% used [0x00000000feb00000,0x00000000feb00000,0x00000000ffb00000)
  from space 2560K, 99% used [0x00000000ffd80000,0x00000000ffffa840,0x0000000100000000)
  to   space 2560K, 0% used [0x00000000ffb00000,0x00000000ffb00000,0x00000000ffd80000)
 ParOldGen       total 44032K, used 4592K [0x00000000fc000000, 0x00000000feb00000, 0x00000000feb00000)
  object space 44032K, 10% used [0x00000000fc000000,0x00000000fc47c148,0x00000000feb00000)
 Metaspace       used 7328K, capacity 7524K, committed 7680K, reserved 1056768K
  class space    used 846K, capacity 938K, committed 1024K, reserved 1048576K
}

Deoptimization events (10 events):
Event: 1.321 Thread 0x00000000027b4000 Uncommon trap: reason=unstable_if action=reinterpret pc=0x0000000002ad5c8c method=java.util.zip.ZipCoder.decoder()Ljava/nio/charset/CharsetDecoder; @ 4
Event: 1.321 Thread 0x00000000027b4000 Uncommon trap: reason=unstable_if action=reinterpret pc=0x0000000002acbd58 method=java.util.zip.ZipEntry.setExtra0([BZ)V @ 1
Event: 1.323 Thread 0x00000000027b4000 Uncommon trap: reason=unstable_if action=reinterpret pc=0x0000000002ac8188 method=java.util.zip.ZipFile$ZipEntryIterator.hasNext()Z @ 25
Event: 1.323 Thread 0x00000000027b4000 Uncommon trap: reason=unstable_if action=reinterpret pc=0x0000000002ace0cc method=java.util.zip.ZipCoder.decoder()Ljava/nio/charset/CharsetDecoder; @ 4
Event: 1.355 Thread 0x00000000027b4000 Uncommon trap: reason=unstable_if action=reinterpret pc=0x0000000002ac895c method=java.util.zip.ZipFile$ZipEntryIterator.hasNext()Z @ 25
Event: 1.355 Thread 0x00000000027b4000 Uncommon trap: reason=unstable_if action=reinterpret pc=0x0000000002acfd60 method=java.util.zip.ZipCoder.decoder()Ljava/nio/charset/CharsetDecoder; @ 4
Event: 1.528 Thread 0x00000000027b4000 Uncommon trap: reason=unloaded action=reinterpret pc=0x0000000002ad0e7c method=java.util.zip.ZipEntry.setExtra0([BZ)V @ 37
Event: 1.721 Thread 0x00000000027b4000 Uncommon trap: reason=unstable_if action=reinterpret pc=0x0000000002a9b330 method=java.lang.String.<init>([CII)V @ 18
Event: 1.833 Thread 0x00000000027b4000 Uncommon trap: reason=unstable_if action=reinterpret pc=0x0000000002b543e4 method=org.objectweb.asm.ClassReader.readUTF(II[C)Ljava/lang/String; @ 77
Event: 1.841 Thread 0x00000000027b4000 Uncommon trap: reason=unstable_if action=reinterpret pc=0x0000000002b52c34 method=org.objectweb.asm.ClassReader.readUTF(II[C)Ljava/lang/String; @ 77

Classes redefined (0 events):
No events

Internal exceptions (10 events):
Event: 1.750 Thread 0x00000000027b4000 Exception <a 'sun/nio/fs/WindowsException'> (0x00000000ff55e670) thrown at [D:\src\AOSP-openjdk-cygwin\jdk8u\hotspot\src\share\vm\prims\jni.cpp, line 709]
Event: 1.750 Thread 0x00000000027b4000 Exception <a 'sun/nio/fs/WindowsException'> (0x00000000ff55eb68) thrown at [D:\src\AOSP-openjdk-cygwin\jdk8u\hotspot\src\share\vm\prims\jni.cpp, line 709]
Event: 1.767 Thread 0x00000000027b4000 Exception <a 'sun/nio/fs/WindowsException'> (0x00000000ff60b508) thrown at [D:\src\AOSP-openjdk-cygwin\jdk8u\hotspot\src\share\vm\prims\jni.cpp, line 709]
Event: 1.767 Thread 0x00000000027b4000 Exception <a 'sun/nio/fs/WindowsException'> (0x00000000ff60ba00) thrown at [D:\src\AOSP-openjdk-cygwin\jdk8u\hotspot\src\share\vm\prims\jni.cpp, line 709]
Event: 1.783 Thread 0x00000000027b4000 Exception <a 'sun/nio/fs/WindowsException'> (0x00000000ff610ae0) thrown at [D:\src\AOSP-openjdk-cygwin\jdk8u\hotspot\src\share\vm\prims\jni.cpp, line 709]
Event: 1.783 Thread 0x00000000027b4000 Exception <a 'sun/nio/fs/WindowsException'> (0x00000000ff610fd8) thrown at [D:\src\AOSP-openjdk-cygwin\jdk8u\hotspot\src\share\vm\prims\jni.cpp, line 709]
Event: 1.789 Thread 0x00000000027b4000 Exception <a 'sun/nio/fs/WindowsException'> (0x00000000ff6143f8) thrown at [D:\src\AOSP-openjdk-cygwin\jdk8u\hotspot\src\share\vm\prims\jni.cpp, line 709]
Event: 1.789 Thread 0x00000000027b4000 Exception <a 'sun/nio/fs/WindowsException'> (0x00000000ff6148f0) thrown at [D:\src\AOSP-openjdk-cygwin\jdk8u\hotspot\src\share\vm\prims\jni.cpp, line 709]
Event: 1.818 Thread 0x00000000027b4000 Exception <a 'sun/nio/fs/WindowsException'> (0x00000000ff731690) thrown at [D:\src\AOSP-openjdk-cygwin\jdk8u\hotspot\src\share\vm\prims\jni.cpp, line 709]
Event: 1.818 Thread 0x00000000027b4000 Exception <a 'sun/nio/fs/WindowsException'> (0x00000000ff731b88) thrown at [D:\src\AOSP-openjdk-cygwin\jdk8u\hotspot\src\share\vm\prims\jni.cpp, line 709]

Events (10 events):
Event: 1.797 Thread 0x00000000027b4000 DEOPT PACKING pc=0x00000000029f5f47 sp=0x00000000027af0a0
Event: 1.797 Thread 0x00000000027b4000 DEOPT UNPACKING pc=0x00000000028f75d0 sp=0x00000000027aedd0 mode 0
Event: 1.833 Thread 0x00000000027b4000 Uncommon trap: trap_request=0xffffff65 fr.pc=0x0000000002b543e4
Event: 1.833 Thread 0x00000000027b4000 DEOPT PACKING pc=0x0000000002b543e4 sp=0x00000000027ae930
Event: 1.833 Thread 0x00000000027b4000 DEOPT UNPACKING pc=0x00000000028f557b sp=0x00000000027ae848 mode 2
Event: 1.841 Thread 0x00000000027b4000 Uncommon trap: trap_request=0xffffff65 fr.pc=0x0000000002b52c34
Event: 1.841 Thread 0x00000000027b4000 DEOPT PACKING pc=0x0000000002b52c34 sp=0x00000000027ae780
Event: 1.841 Thread 0x00000000027b4000 DEOPT UNPACKING pc=0x00000000028f557b sp=0x00000000027ae710 mode 2
Event: 1.878 Executing VM operation: ParallelGCFailedAllocation
Event: 1.895 Executing VM operation: ParallelGCFailedAllocation done


Dynamic libraries:
0x00007ff7242a0000 - 0x00007ff7242d1000 	C:\Program Files\Android\Android Studio\jre\bin\java.exe
0x00007ffd5c920000 - 0x00007ffd5cb01000 	C:\WINDOWS\SYSTEM32\ntdll.dll
0x00007ffd5a560000 - 0x00007ffd5a612000 	C:\WINDOWS\System32\KERNEL32.DLL
0x00007ffd59b30000 - 0x00007ffd59da3000 	C:\WINDOWS\System32\KERNELBASE.dll
0x00007ffd5c770000 - 0x00007ffd5c811000 	C:\WINDOWS\System32\ADVAPI32.dll
0x00007ffd5a4c0000 - 0x00007ffd5a55e000 	C:\WINDOWS\System32\msvcrt.dll
0x00007ffd5c3e0000 - 0x00007ffd5c43b000 	C:\WINDOWS\System32\sechost.dll
0x00007ffd5aab0000 - 0x00007ffd5abd4000 	C:\WINDOWS\System32\RPCRT4.dll
0x00007ffd59ed0000 - 0x00007ffd5a060000 	C:\WINDOWS\System32\USER32.dll
0x00007ffd59870000 - 0x00007ffd59890000 	C:\WINDOWS\System32\win32u.dll
0x00007ffd5a800000 - 0x00007ffd5a828000 	C:\WINDOWS\System32\GDI32.dll
0x00007ffd58da0000 - 0x00007ffd58f32000 	C:\WINDOWS\System32\gdi32full.dll
0x00007ffd59750000 - 0x00007ffd597ef000 	C:\WINDOWS\System32\msvcp_win.dll
0x00007ffd58f40000 - 0x00007ffd5903a000 	C:\WINDOWS\System32\ucrtbase.dll
0x00007ffd4ab40000 - 0x00007ffd4ada9000 	C:\WINDOWS\WinSxS\amd64_microsoft.windows.common-controls_6595b64144ccf1df_6.0.17134.112_none_fb3f961b30681c12\COMCTL32.dll
0x00007ffd5c090000 - 0x00007ffd5c3b3000 	C:\WINDOWS\System32\combase.dll
0x00007ffd597f0000 - 0x00007ffd5986a000 	C:\WINDOWS\System32\bcryptPrimitives.dll
0x00007ffd59ea0000 - 0x00007ffd59ecd000 	C:\WINDOWS\System32\IMM32.DLL
0x0000000076470000 - 0x0000000076542000 	C:\Program Files\Android\Android Studio\jre\jre\bin\msvcr100.dll
0x0000000076630000 - 0x0000000076e6f000 	C:\Program Files\Android\Android Studio\jre\jre\bin\server\jvm.dll
0x00007ffd5c3c0000 - 0x00007ffd5c3c8000 	C:\WINDOWS\System32\PSAPI.DLL
0x00007ffd54f70000 - 0x00007ffd54f79000 	C:\WINDOWS\SYSTEM32\WSOCK32.dll
0x00007ffd553a0000 - 0x00007ffd553c3000 	C:\WINDOWS\SYSTEM32\WINMM.dll
0x00007ffd55370000 - 0x00007ffd5539a000 	C:\WINDOWS\SYSTEM32\winmmbase.dll
0x00007ffd598f0000 - 0x00007ffd59939000 	C:\WINDOWS\System32\cfgmgr32.dll
0x00007ffd5c020000 - 0x00007ffd5c08c000 	C:\WINDOWS\System32\WS2_32.dll
0x00007ffd4e6a0000 - 0x00007ffd4e6aa000 	C:\WINDOWS\SYSTEM32\VERSION.dll
0x00007ffd54fa0000 - 0x00007ffd54faf000 	C:\Program Files\Android\Android Studio\jre\jre\bin\verify.dll
0x00007ffd54b80000 - 0x00007ffd54ba9000 	C:\Program Files\Android\Android Studio\jre\jre\bin\java.dll
0x00007ffd54f80000 - 0x00007ffd54f96000 	C:\Program Files\Android\Android Studio\jre\jre\bin\zip.dll
0x00007ffd5abe0000 - 0x00007ffd5c020000 	C:\WINDOWS\System32\SHELL32.dll
0x00007ffd5c5a0000 - 0x00007ffd5c649000 	C:\WINDOWS\System32\shcore.dll
0x00007ffd59040000 - 0x00007ffd5974d000 	C:\WINDOWS\System32\windows.storage.dll
0x00007ffd5c650000 - 0x00007ffd5c6a1000 	C:\WINDOWS\System32\shlwapi.dll
0x00007ffd58c80000 - 0x00007ffd58c91000 	C:\WINDOWS\System32\kernel.appcore.dll
0x00007ffd58c30000 - 0x00007ffd58c4f000 	C:\WINDOWS\System32\profapi.dll
0x00007ffd58ca0000 - 0x00007ffd58cec000 	C:\WINDOWS\System32\powrprof.dll
0x00007ffd58c50000 - 0x00007ffd58c5a000 	C:\WINDOWS\System32\FLTLIB.DLL
0x00007ffd58660000 - 0x00007ffd58677000 	C:\WINDOWS\SYSTEM32\CRYPTSP.dll
0x00007ffd58090000 - 0x00007ffd580c3000 	C:\WINDOWS\system32\rsaenh.dll
0x00007ffd58790000 - 0x00007ffd587b5000 	C:\WINDOWS\SYSTEM32\bcrypt.dll
0x00007ffd58b60000 - 0x00007ffd58b88000 	C:\WINDOWS\SYSTEM32\USERENV.dll
0x00007ffd58680000 - 0x00007ffd5868b000 	C:\WINDOWS\SYSTEM32\CRYPTBASE.dll
0x00007ffd54ec0000 - 0x00007ffd54eda000 	C:\Program Files\Android\Android Studio\jre\jre\bin\net.dll
0x00007ffd584b0000 - 0x00007ffd58516000 	C:\WINDOWS\system32\mswsock.dll
0x00007ffd58230000 - 0x00007ffd58268000 	C:\WINDOWS\SYSTEM32\IPHLPAPI.DLL
0x00007ffd5c3d0000 - 0x00007ffd5c3d8000 	C:\WINDOWS\System32\NSI.dll
0x00007ffd4e8c0000 - 0x00007ffd4e8d6000 	C:\WINDOWS\SYSTEM32\dhcpcsvc6.DLL
0x00007ffd4e8a0000 - 0x00007ffd4e8ba000 	C:\WINDOWS\SYSTEM32\dhcpcsvc.DLL
0x00007ffd53ea0000 - 0x00007ffd53eb1000 	C:\Program Files\Android\Android Studio\jre\jre\bin\nio.dll

VM Arguments:
jvm_args: -Djava.awt.headless=true -Xmx64M -Dfile.encoding=windows-1252 -Duser.country=US -Duser.language=en -Duser.variant 
java_command: com.google.devtools.build.android.desugar.Desugar --input C:\Projects\MeMe\fb\build\intermediates\transforms\stackFramesFixer\feature\debug\25.jar --output C:\Projects\MeMe\fb\build\intermediates\transforms\desugar\feature\debug\26.jar --input C:\Projects\MeMe\fb\build\intermediates\transforms\stackFramesFixer\feature\debug\12.jar --output C:\Projects\MeMe\fb\build\intermediates\transforms\desugar\feature\debug\13.jar --input C:\Projects\MeMe\fb\build\intermediates\transforms\stackFramesFixer\feature\debug\2.jar --output C:\Projects\MeMe\fb\build\intermediates\transforms\desugar\feature\debug\3.jar --input C:\Projects\MeMe\fb\build\intermediates\transforms\stackFramesFixer\feature\debug\9.jar --output C:\Projects\MeMe\fb\build\intermediates\transforms\desugar\feature\debug\10.jar --input C:\Projects\MeMe\fb\build\intermediates\transforms\stackFramesFixer\feature\debug\7.jar --output C:\Projects\MeMe\fb\build\intermediates\transforms\desugar\feature\debug\8.jar --input C:\Projects\MeMe\fb\build\intermediates\transforms\stackFramesFixer\feature\debug\11.jar --output C:\Projects\MeMe\fb\build\intermediates\transforms\desugar\feature\debug\12.jar --input C:\Projects\MeMe\fb\build\intermediates\transforms\stackFramesFixer\feature\debug\22.jar --output C:\Projects\MeMe\fb\build\intermediates\transforms\desugar\feature\debug\23.jar --input C:\Projects\MeMe\fb\build\intermediates\transforms\stackFramesFixer\feature\debug\10.jar --output C:\Projects\MeMe\fb\build\intermediates\transforms\desugar\feature\debug\11.jar --input C:\Projects\MeMe\fb\build\intermediates\transforms\stackFramesFixer\feature\debug\14.jar --output C:\Projects\MeMe\fb\build\intermediates\transforms\desugar\feature\debug\15.jar --classpath_entry C:\Projects\MeMe\fb\build\intermediates\classes\feature\debug --classpath_entry C:\Projects\MeMe\fb\build\intermediates\transforms\stackFramesFixer\feature\debug\0.jar --classpath_entry C:\Projects\MeMe\fb\build\intermediates\transforms\stackFrame
java_class_path (initial): C:\Users\Spayker\AppData\Local\Temp\desugar_deploy.jar177158693604100653
Launcher Type: SUN_STANDARD

Environment Variables:
PATH=C:\Program Files\Docker\Docker\Resources\bin;C:\ProgramData\Oracle\Java\javapath;C:\Windows\system32;C:\Windows;C:\Windows\System32\Wbem;C:\Windows\System32\WindowsPowerShell\v1.0\;C:\Program Files (x86)\Common Files\Acronis\SnapAPI\;C:\Users\Spayker\.dnx\bin;C:\Program Files\Microsoft DNX\Dnvm\;C:\Program Files (x86)\NVIDIA Corporation\PhysX\Common;C:\Program Files\Git\cmd;C:\K920\TWRP\tools\adb.exe;C:\WINDOWS\system32;C:\WINDOWS;C:\WINDOWS\System32\Wbem;C:\WINDOWS\System32\WindowsPowerShell\v1.0\;C:\Program Files (x86)\GtkSharp\2.12\bin;C:\Program Files (x86)\Skype\Phone\;C:\Program Files\nodejs\;C:\Program Files\PostgreSQL\pg10\bin;C:\Program Files\TortoiseGit\bin;C:\Program Files\PuTTY\;C:\WINDOWS\System32\OpenSSH\;C:\Users\Spayker\AppData\Local\Microsoft\WindowsApps;C:\Users\Spayker\AppData\Roaming\npm;C:\Program Files (x86)\Mikero\DePboTools\bin;
USERNAME=Spayker
OS=Windows_NT
PROCESSOR_IDENTIFIER=Intel64 Family 6 Model 94 Stepping 3, GenuineIntel



---------------  S Y S T E M  ---------------

OS: Windows 10.0 , 64 bit Build 17134 (10.0.17134.1)

CPU:total 4 (initial active 4) (4 cores per cpu, 1 threads per core) family 6 model 94 stepping 3, cmov, cx8, fxsr, mmx, sse, sse2, sse3, ssse3, sse4.1, sse4.2, popcnt, avx, avx2, aes, clmul, erms, rtm, 3dnowpref, lzcnt, tsc, tscinvbit, bmi1, bmi2, adx

Memory: 4k page, physical 8276668k(670484k free), swap 12250812k(3116k free)

vm_info: OpenJDK 64-Bit Server VM (25.152-b02) for windows-amd64 JRE (1.8.0_152-release-1024-b02), built by "builder" with MS VC++ 10.0 (VS2010)

time: Fri Jul 06 17:25:20 2018
elapsed time: 1 seconds (0d 0h 0m 1s)

